2019-12-11 18:40:33.528  INFO 16144 --- [main] c.c.c.ConfigServicePropertySourceLocator : Fetching config from server at : http://localhost:8888
2019-12-11 18:40:36.701  INFO 16144 --- [main] c.c.c.ConfigServicePropertySourceLocator : Located environment: name=songs, profiles=[default], label=null, version=ebe8f3a169fe24fc98061f456716d72f315c816f, state=null
2019-12-11 18:40:36.703  INFO 16144 --- [main] b.c.PropertySourceBootstrapConfiguration : Located property source: CompositePropertySource {name='configService', propertySources=[MapPropertySource {name='configClient'}, MapPropertySource {name='file:///D:/git/configuration-service/configserver/songs.properties'}, MapPropertySource {name='file:///D:/git/configuration-service/configserver/application.properties'}]}
2019-12-11 18:40:36.856  INFO 16144 --- [main] info.revenberg.song.Application          : The following profiles are active: dev
2019-12-11 18:40:38.569  INFO 16144 --- [main] .s.d.r.c.RepositoryConfigurationDelegate : Bootstrapping Spring Data repositories in DEFAULT mode.
2019-12-11 18:40:38.737  INFO 16144 --- [main] .s.d.r.c.RepositoryConfigurationDelegate : Finished Spring Data repository scanning in 146ms. Found 3 repository interfaces.
2019-12-11 18:40:39.703  INFO 16144 --- [main] o.s.cloud.context.scope.GenericScope     : BeanFactory id=2d58490d-6f03-3cb7-beed-d1db7d102881
2019-12-11 18:40:40.222  INFO 16144 --- [main] trationDelegate$BeanPostProcessorChecker : Bean 'org.springframework.transaction.annotation.ProxyTransactionManagementConfiguration' of type [org.springframework.transaction.annotation.ProxyTransactionManagementConfiguration] is not eligible for getting processed by all BeanPostProcessors (for example: not eligible for auto-proxying)
2019-12-11 18:40:40.550  INFO 16144 --- [main] trationDelegate$BeanPostProcessorChecker : Bean 'org.springframework.cloud.autoconfigure.ConfigurationPropertiesRebinderAutoConfiguration' of type [org.springframework.cloud.autoconfigure.ConfigurationPropertiesRebinderAutoConfiguration$$EnhancerBySpringCGLIB$$7254c629] is not eligible for getting processed by all BeanPostProcessors (for example: not eligible for auto-proxying)
2019-12-11 18:40:42.300  INFO 16144 --- [main] o.s.b.w.embedded.tomcat.TomcatWebServer  : Tomcat initialized with port(s): 8090 (http)
2019-12-11 18:40:42.323  INFO 16144 --- [main] o.apache.catalina.core.StandardService   : Starting service [Tomcat]
2019-12-11 18:40:42.324  INFO 16144 --- [main] org.apache.catalina.core.StandardEngine  : Starting Servlet engine: [Apache Tomcat/9.0.27]
2019-12-11 18:40:42.508  INFO 16144 --- [main] o.a.c.c.C.[Tomcat].[localhost].[/]       : Initializing Spring embedded WebApplicationContext
2019-12-11 18:40:42.510  INFO 16144 --- [main] o.s.web.context.ContextLoader            : Root WebApplicationContext: initialization completed in 5601 ms
2019-12-11 18:40:43.336  INFO 16144 --- [main] o.hibernate.jpa.internal.util.LogHelper  : HHH000204: Processing PersistenceUnitInfo [
	name: default
	...]
2019-12-11 18:40:43.671  INFO 16144 --- [main] org.hibernate.Version                    : HHH000412: Hibernate Core {5.3.14.Final}
2019-12-11 18:40:43.677  INFO 16144 --- [main] org.hibernate.cfg.Environment            : HHH000206: hibernate.properties not found
2019-12-11 18:40:44.296  INFO 16144 --- [main] o.hibernate.annotations.common.Version   : HCANN000001: Hibernate Commons Annotations {5.0.4.Final}
2019-12-11 18:40:44.565  INFO 16144 --- [main] org.hibernate.dialect.Dialect            : HHH000400: Using dialect: org.hibernate.dialect.SQLiteDialect
2019-12-11 18:40:44.578  INFO 16144 --- [main] org.hibernate.dialect.SQLiteDialect      : SQLiteDialect
2019-12-11 18:40:44.674  INFO 16144 --- [main] com.zaxxer.hikari.HikariDataSource       : HikariPool-1 - Starting...
2019-12-11 18:40:45.200  INFO 16144 --- [main] com.zaxxer.hikari.HikariDataSource       : HikariPool-1 - Start completed.
2019-12-11 18:40:45.215  INFO 16144 --- [main] org.hibernate.dialect.Dialect            : HHH000400: Using dialect: org.hibernate.dialect.SQLiteDialect
2019-12-11 18:40:45.216  INFO 16144 --- [main] org.hibernate.dialect.SQLiteDialect      : SQLiteDialect
2019-12-11 18:40:45.289  INFO 16144 --- [main] o.h.e.j.e.i.LobCreatorBuilderImpl        : HHH000423: Disabling contextual LOB creation as JDBC driver reported JDBC version [2] less than 4
2019-12-11 18:40:47.225  INFO 16144 --- [main] j.LocalContainerEntityManagerFactoryBean : Initialized JPA EntityManagerFactory for persistence unit 'default'
2019-12-11 18:40:49.534  INFO 16144 --- [main] o.s.s.concurrent.ThreadPoolTaskExecutor  : Initializing ExecutorService 'applicationTaskExecutor'
2019-12-11 18:40:52.345  INFO 16144 --- [main] o.s.cloud.commons.util.InetUtils         : Cannot determine local hostname
2019-12-11 18:40:52.433  INFO 16144 --- [main] d.s.w.p.DocumentationPluginsBootstrapper : Context refreshed
2019-12-11 18:40:52.493  INFO 16144 --- [main] d.s.w.p.DocumentationPluginsBootstrapper : Found 1 custom documentation plugin(s)
2019-12-11 18:40:52.522  INFO 16144 --- [main] s.d.s.w.s.ApiListingReferenceScanner     : Scanning for api listing references
2019-12-11 18:40:52.920  INFO 16144 --- [main] .d.s.w.r.o.CachingOperationNameGenerator : Generating unique operation named: uploadDataUsingPOST_1
2019-12-11 18:40:53.272  INFO 16144 --- [main] o.s.b.w.embedded.tomcat.TomcatWebServer  : Tomcat started on port(s): 8090 (http) with context path ''
2019-12-11 18:40:54.895  INFO 16144 --- [main] o.s.cloud.commons.util.InetUtils         : Cannot determine local hostname
2019-12-11 18:40:55.081  WARN 16144 --- [main] org.apache.tomcat.util.modeler.Registry  : The MBean registry cannot be disabled because it has already been initialised
2019-12-11 18:40:55.096  INFO 16144 --- [main] o.s.b.w.embedded.tomcat.TomcatWebServer  : Tomcat initialized with port(s): 8091 (http)
2019-12-11 18:40:55.099  INFO 16144 --- [main] o.apache.catalina.core.StandardService   : Starting service [Tomcat]
2019-12-11 18:40:55.101  INFO 16144 --- [main] org.apache.catalina.core.StandardEngine  : Starting Servlet engine: [Apache Tomcat/9.0.27]
2019-12-11 18:40:55.122  INFO 16144 --- [main] o.a.c.c.C.[Tomcat-1].[localhost].[/]     : Initializing Spring embedded WebApplicationContext
2019-12-11 18:40:55.126  INFO 16144 --- [main] o.s.web.context.ContextLoader            : Root WebApplicationContext: initialization completed in 225 ms
2019-12-11 18:40:55.168  INFO 16144 --- [main] o.s.b.a.e.web.EndpointLinksResolver      : Exposing 16 endpoint(s) beneath base path '/actuator'
2019-12-11 18:40:55.313  INFO 16144 --- [main] o.s.b.w.embedded.tomcat.TomcatWebServer  : Tomcat started on port(s): 8091 (http) with context path ''
2019-12-11 18:40:57.331  INFO 16144 --- [main] o.s.cloud.commons.util.InetUtils         : Cannot determine local hostname
2019-12-11 18:40:57.334  INFO 16144 --- [main] info.revenberg.song.Application          : Started Application in 29.49 seconds (JVM running for 31.212)
